
00:0000 56 36 00 00 02 C8 07 E9-0C 06 15 1D 98 58 00 01  V6...ﾈ......蝋.. 
00:0010 45 D7 00 00 00 00 00 00-00 00 00 00 00 00 00 00  Eﾗ.............. 
00:0020 00 00 00 00 00 00 00 00-00 00 00 00 00 00 00 00  ................ 
00:0030 00 00 00 00 00 00 00 00-00 00 00 00 00 00 00 00  ................ 
00:0040 00 00 00 00 00 00 00 00-00 00 00 00 00 00 00 00  ................ 
00:0050 00 00 00 00 00 00 00 00-00 00 00 00 00 00 00 00  ................ 
00:0060 00 00 00 00 00 00 00 00-00 00 00 00 00 00 00 00  ................ 
00:0070 00 00 00 00 00 00 00 00-00 00 00 00 00 00 00 05  ................ 
00:0080 00 20 00 01 00 00 00 00-00 00 00 00 00 00 00 00  . .............. 
00:0090 00 00 00 80 00 00 00 01-00 00 45 96 00 00 00 00  ..........E..... 
00:00A0 00 00 00 00 00 00 00 00-00 00 00 00 00 00 00 00  ................ 
00:00B0 00 00 00 00 00 00 00 00-00 00 00 00 00 00 00 01  ................ 
00:00C0 00 00 00 00 05 81 05 83-FF FF 05 FF 1F C8 00 1F  .............ﾈ.. 
00:00D0 05 87 00 00 00 00 00 00-00 00 00 29 01 58 00 00  ...........).X.. 
00:00E0 01 54 9D 23 00 00 00 00-01 3E 00 01 CD 54 9E 83  .T.#.....>..ﾍT档 
00:00F0 00 00 07 D2 01 34 00 03-96 54 9F E3 00 00 0F A4  ...ﾒ.4..傍溘...､ 
00:0100 00 F4 00 05 3E 54 A1 43-00 00 17 76 01 18 00 07  ....>T｡C...v.... 
00:0110 34 54 A2 A3 00 00 1F 48-00 E0 00 09 1C 54 A4 03  4T｢｣...H.....T､. 
00:0120 00 00 27 1A 01 4E 00 0A-E7 54 A5 63 00 00 2E EC  ..'..N..躓･c.... 
00:0130 01 5A 00 0C B9 54 A6 C3-00 00 36 BE 01 5A 00 0E  .Z..ｹTｦﾃ..6ｾ.Z.. 
00:0140 99 54 A8 23 00 00 3E 90-01 8A 00 10 73 54 A9 83  儺ｨ#..>.....sTｩ. 
00:0150 00 00 46 62 01 8E 00 12-55 54 AA E3 00 00 4E 34  ..Fb....UTｪ...N4 
00:0160 00 82 00 13 47 54 AB 40-00 00 50 49 01 90 00 14  ....GTｫ@..PI.... 
00:0170 BA 54 AC A0 00 00 58 1B-00 BA 00 15 98 54 AC FE  ｺTｬ...X..ｺ..狼ｬ. 
00:0180 00 00 5A 31 01 80 00 17-17 54 AE 5E 00 00 62 03  ..Z1.....Tｮ^..b. 
00:0190 01 AC 00 18 F2 54 AF BE-00 00 69 D5 00 84 00 19  .ｬ..壢ｯｾ..iﾕ.... 
00:01A0 C8 54 AF E1 00 00 6A 9D-01 96 00 1B 03 54 B1 41  ﾈTｯ...j......TｱA 
00:01B0 00 00 72 6F 01 AC 00 1C-E5 54 B2 A1 00 00 7A 41  ..ro.ｬ..薺ｲ｡..zA 
00:01C0 01 D0 00 1E BD 54 B4 01-00 00 82 13 01 0A 00 1F  .ﾐ..ｽTｴ......... 
00:01D0 C6 54 B4 BD 00 00 86 3F-00 F6 00 21 6A 54 B7 DA  ﾆTｴｽ...?...!jTｷﾚ 
00:01E0 00 00 97 F9 01 C6 00 23-91 54 BD 66 00 00 B7 84  ..煉.ﾆ.#禅ｽf..ｷ. 
00:01F0 01 16 00 25 BB 54 BE C6-00 00 BF 56 01 EC 00 27  ...%ｻTｾﾆ..ｿV...' 
00:0200 21 54 C0 25 00 00 C7 28-01 FE 00 29 09 54 C1 85  !Tﾀ%..ﾇ(...).Tﾁ. 
00:0210 00 00 CE FA 01 E4 00 2B-0B 54 C2 E5 00 00 D6 CC  ..ﾎ....+.Tﾂ...ﾖﾌ 
00:0220 01 F6 00 2C CD 54 C4 45-00 00 DE 9E 00 84 00 2E  ...,ﾍTﾄE..ﾞ..... 
00:0230 8B 54 C5 53 00 00 E4 9D-00 DC 00 30 26 54 C6 B3  亀ﾅS..茉.ﾜ.0&Tﾆｳ 
00:0240 00 00 EC 6F 01 52 00 31-EE 54 C8 13 00 00 F4 41  ..焮.R.1蔞ﾈ...棤 
00:0250 00 BE 00 33 8B 54 C9 21-00 00 FA 40 01 64 00 35  .ｾ.3亀ﾉ!..豗.d.5 
00:0260 33 54 CA 81 00 01 02 12-00 F0 00 36 F3 54 CB A6  3Tﾊ........6𢮦ﾋｦ 
00:0270 00 01 08 96 01 AE 00 38-A8 54 CD 06 00 01 10 68  .....ｮ.8ｨTﾍ....h 
00:0280 01 74 00 3A A9 54 CE 66-00 01 18 3A 00 E0 00 3C  .t.:ｩTﾎf...:...< 
00:0290 B3 54 CF C6 00 01 20 0C-01 2C 00 3E 61 54 D1 25  ｳTﾏﾆ.. ..,.>aTﾑ% 
00:02A0 00 01 27 DE 01 04 00 40-56 54 D2 85 00 01 2F B0  ..'ﾞ...@VTﾒ.../ｰ 
00:02B0 02 0C 00 41 F9 54 D3 E5-00 01 37 82 01 10 00 43  ...A蘼ﾓ...7....C 
00:02C0 FD 54 D5 45 00 01 3F 54-                         .TﾕE..?T         
