
00:0000 56 33 00 00 01 51 01 04-00 00 00 03 04 12 01 01  V3...Q.......... 
00:0010 00 01 00 00 00 00 00 00-00 00 00 00 01 00 00 07  ................ 
00:0020 00 10 40 01 00 00 27 1A-00 02 00 00 00 54 81 83  ..@...'......T亙 
00:0030 54 83 5E 83 66 81 5B 83-45 83 49 83 62 83 60 82   僞僨乕僂僆僢僠俋 
00:0040 58 81 40 82 A8 95 C4 8C-94 82 C5 8E A9 8E A1 91   丂偍暷寯偱帺帯懱 
00:0050 CC 91 CE 89 9E 82 CD 81-A4 90 C5 90 A7 89 FC 90   懳墳偼仱惻惂夵惓 
00:0060 B3 82 C5 89 C6 8C 76 82-CD 81 A4 83 43 83 93 83   偱壠寁偼仱僀儞僼 
00:0070 74 83 8B 8C EB 8F EE 95-F1 82 E0 20 00 11 00 00   儖岆忣曬傕 .... 
00:0080 00 54 81 83 54 83 5E 83-66 81 5B 83 45 83 49 83  .T亙T僞僨乕僂僆僢 
00:0090 62 83 60 82 58 81 40 82-A8 95 C4 8C 94 82 C5 8E   僠俋丂偍暷寯偱帺 
00:00A0 A9 8E A1 91 CC 91 CE 89-9E 82 CD 81 A4 90 C5 90   帯懱懳墳偼仱惻惂 
00:00B0 A7 89 FC 90 B3 82 C5 89-C6 8C 76 82 CD 81 A4 83   夵惓偱壠寁偼仱僀 
00:00C0 43 83 93 83 74 83 8B 8C-EB 8F EE 95 F1 82 E0 20   儞僼儖岆忣曬傕  
00:00D0 00 12 00 00 00 1A 81 82-6D 82 67 82 6A 91 8D 8D  ......亗m俫俲憤崌 
00:00E0 87 81 45 96 BC 8C C3 89-AE 20 00 13 00 00 00 1F   丒柤屆壆 ...... 
00:00F0 01 32 30 32 35 2F 31 32-2F 30 36 20 32 31 3A 32  .2025/12/06 21:2 
00:0100 37 3A 30 31 2E 30 30 30-00 00 14 00 00 00 1F 01  7:01.000........ 
00:0110 32 30 32 35 2F 31 32 2F-30 36 20 32 31 3A 32 37  2025/12/06 21:27 
00:0120 3A 31 34 2E 30 30 30 00-00 17 00 00 00 0A 01 30  :14.000........0 
00:0130 33 00 00 15 00 00 00 1F-01 32 30 32 35 2F 31 32  3........2025/12 
00:0140 2F 30 36 20 32 31 3A 32-37 3A 31 34 2E 30 30 30  /06 21:27:14.000 
00:0150 00                                               .                
